\BOOKMARK [1][-]{section.1}{\376\377\000I\000n\000t\000r\000o\000d\000u\000c\000t\000i\000o\000n}{}% 1
\BOOKMARK [2][-]{subsection.1.1}{\376\377\000F\000i\000n\000i\000t\000e\000\040\000D\000i\000f\000f\000e\000r\000e\000n\000c\000e\000\040\000A\000p\000p\000r\000o\000x\000i\000m\000a\000t\000i\000o\000n\000\040\000o\000f\000\040\000t\000h\000e\000\040\000W\000a\000v\000e\000\040\000E\000q\000u\000a\000t\000i\000o\000n}{section.1}% 2
\BOOKMARK [1][-]{section.2}{\376\377\000U\000n\000d\000e\000r\000s\000t\000a\000n\000d\000i\000n\000g\000\040\000T\000i\000m\000e\000\040\000a\000n\000d\000\040\000S\000p\000a\000t\000i\000a\000l\000\040\000S\000t\000e\000p\000p\000i\000n\000g\000\040\000i\000n\000\040\000t\000h\000e\000\040\000S\000o\000l\000v\000e\000r}{}% 3
\BOOKMARK [2][-]{subsection.2.1}{\376\377\0002\000D\000\040\000G\000r\000i\000d\000\040\000f\000o\000r\000\040\000T\000i\000m\000e\000\040\000a\000n\000d\000\040\000S\000p\000a\000t\000i\000a\000l\000\040\000S\000t\000e\000p\000p\000i\000n\000g}{section.2}% 4
\BOOKMARK [2][-]{subsection.2.2}{\376\377\000F\000i\000n\000i\000t\000e\000\040\000D\000i\000f\000f\000e\000r\000e\000n\000c\000e\000\040\000U\000p\000d\000a\000t\000e\000\040\000R\000u\000l\000e}{section.2}% 5
\BOOKMARK [2][-]{subsection.2.3}{\376\377\000V\000i\000s\000u\000a\000l\000i\000z\000a\000t\000i\000o\000n\000\040\000o\000f\000\040\000t\000h\000e\000\040\000S\000t\000e\000p\000p\000i\000n\000g\000\040\000P\000r\000o\000c\000e\000s\000s}{section.2}% 6
\BOOKMARK [2][-]{subsection.2.4}{\376\377\000C\000a\000l\000c\000u\000l\000a\000t\000i\000n\000g\000\040\000t\000h\000e\000\040\000F\000i\000r\000s\000t\000\040\000T\000i\000m\000e\000\040\000S\000t\000e\000p}{section.2}% 7
\BOOKMARK [1][-]{section.3}{\376\377\000D\000e\000v\000e\000l\000o\000p\000m\000e\000n\000t\000\040\000o\000f\000\040\000G\000e\000n\000e\000r\000a\000l\000i\000z\000e\000d\000\040\000S\000o\000l\000v\000e\000r\000\040\000f\000o\000r\000\040\0001\000D\000\040\000W\000a\000v\000e\000\040\000E\000q\000u\000a\000t\000i\000o\000n\000s\000\040\000i\000n\000\040\000P\000y\000t\000h\000o\000n}{}% 8
\BOOKMARK [2][-]{subsection.3.1}{\376\377\000F\000u\000n\000c\000t\000i\000o\000n\000\040\000D\000e\000f\000i\000n\000i\000t\000i\000o\000n\000:\000\040\000s\000o\000l\000v\000e\000\137\000w\000a\000v\000e\000\137\000e\000q\000u\000a\000t\000i\000o\000n}{section.3}% 9
\BOOKMARK [2][-]{subsection.3.2}{\376\377\000D\000i\000s\000c\000r\000e\000t\000i\000z\000a\000t\000i\000o\000n\000\040\000o\000f\000\040\000T\000i\000m\000e\000\040\000a\000n\000d\000\040\000S\000p\000a\000c\000e}{section.3}% 10
\BOOKMARK [2][-]{subsection.3.3}{\376\377\000I\000n\000i\000t\000i\000a\000l\000\040\000C\000o\000n\000d\000i\000t\000i\000o\000n\000\040\000a\000t\000\040\000t\000\040\000=\000\040\0000}{section.3}% 11
\BOOKMARK [2][-]{subsection.3.4}{\376\377\000C\000a\000l\000c\000u\000l\000a\000t\000i\000n\000g\000\040\000t\000h\000e\000\040\000F\000i\000r\000s\000t\000\040\000T\000i\000m\000e\000\040\000S\000t\000e\000p}{section.3}% 12
\BOOKMARK [2][-]{subsection.3.5}{\376\377\000T\000i\000m\000e\000-\000S\000t\000e\000p\000p\000i\000n\000g\000\040\000L\000o\000o\000p\000\040\000f\000o\000r\000\040\000t\000h\000e\000\040\000F\000i\000n\000i\000t\000e\000\040\000D\000i\000f\000f\000e\000r\000e\000n\000c\000e\000\040\000S\000c\000h\000e\000m\000e}{section.3}% 13
\BOOKMARK [2][-]{subsection.3.6}{\376\377\000V\000e\000c\000t\000o\000r\000i\000z\000a\000t\000i\000o\000n}{section.3}% 14
\BOOKMARK [2][-]{subsection.3.7}{\376\377\000B\000o\000u\000n\000d\000a\000r\000y\000\040\000C\000o\000n\000d\000i\000t\000i\000o\000n\000s}{section.3}% 15
\BOOKMARK [1][-]{section.4}{\376\377\000D\000e\000v\000e\000l\000o\000p\000m\000e\000n\000t\000\040\000o\000f\000\040\000V\000i\000s\000u\000a\000l\000i\000z\000a\000t\000i\000o\000n\000\040\000C\000o\000d\000e\000\040\000f\000o\000r\000\040\000P\000o\000s\000t\000-\000P\000r\000o\000c\000e\000s\000s\000i\000n\000g\000\040\000P\000u\000r\000p\000o\000s\000e\000s}{}% 16
\BOOKMARK [2][-]{subsection.4.1}{\376\377\000F\000u\000n\000c\000t\000i\000o\000n\000\040\000s\000a\000v\000e\000\137\000w\000a\000v\000e\000\137\000i\000m\000a\000g\000e}{section.4}% 17
\BOOKMARK [2][-]{subsection.4.2}{\376\377\000F\000u\000n\000c\000t\000i\000o\000n\000\040\000g\000e\000n\000e\000r\000a\000t\000e\000\137\000g\000i\000f\000\137\000f\000r\000o\000m\000\137\000i\000m\000a\000g\000e\000s}{section.4}% 18
\BOOKMARK [2][-]{subsection.4.3}{\376\377\000F\000u\000n\000c\000t\000i\000o\000n\000\040\000g\000e\000n\000e\000r\000a\000t\000e\000\137\000h\000t\000m\000l\000\137\000a\000n\000i\000m\000a\000t\000i\000o\000n}{section.4}% 19
\BOOKMARK [1][-]{section.5}{\376\377\000V\000e\000r\000i\000f\000i\000c\000a\000t\000i\000o\000n}{}% 20
\BOOKMARK [2][-]{subsection.5.1}{\376\377\000F\000u\000n\000c\000t\000i\000o\000n\000\040\000t\000e\000s\000t\000\137\000q\000u\000a\000d\000r\000a\000t\000i\000c}{section.5}% 21
\BOOKMARK [2][-]{subsection.5.2}{\376\377\000F\000u\000n\000c\000t\000i\000o\000n\000\040\000c\000o\000n\000v\000e\000r\000g\000e\000n\000c\000e\000\137\000r\000a\000t\000e\000s}{section.5}% 22
\BOOKMARK [2][-]{subsection.5.3}{\376\377\000F\000u\000n\000c\000t\000i\000o\000n\000\040\000t\000e\000s\000t\000\137\000c\000o\000n\000v\000r\000a\000t\000e\000\137\000s\000i\000n\000c\000o\000s}{section.5}% 23
\BOOKMARK [1][-]{section.6}{\376\377\000G\000i\000t\000H\000u\000b\000\040\000L\000i\000n\000k\000\040\000t\000o\000\040\000S\000o\000l\000v\000e\000r\000\040\000a\000n\000d\000\040\000E\000x\000e\000r\000c\000i\000s\000e\000\040\000C\000o\000d\000e\000s\000\040\000a\000n\000d\000\040\000A\000n\000i\000m\000a\000t\000i\000o\000n\000s}{}% 24
\BOOKMARK [1][-]{section.7}{\376\377\000E\000x\000e\000r\000c\000i\000s\000e\000:\000\040\000S\000i\000m\000u\000l\000a\000t\000i\000n\000g\000\040\000a\000\040\000P\000l\000u\000c\000k\000e\000d\000\040\000G\000u\000i\000t\000a\000r\000\040\000S\000t\000r\000i\000n\000g}{}% 25
\BOOKMARK [2][-]{subsection.7.1}{\376\377\000S\000e\000t\000t\000i\000n\000g\000\040\000U\000p\000\040\000t\000h\000e\000\040\000P\000r\000o\000b\000l\000e\000m}{section.7}% 26
\BOOKMARK [2][-]{subsection.7.2}{\376\377\000D\000e\000f\000i\000n\000i\000n\000g\000\040\000P\000r\000o\000b\000l\000e\000m\000-\000S\000p\000e\000c\000i\000f\000i\000c\000\040\000F\000u\000n\000c\000t\000i\000o\000n\000s}{section.7}% 27
\BOOKMARK [2][-]{subsection.7.3}{\376\377\000S\000e\000t\000t\000i\000n\000g\000\040\000U\000p\000\040\000D\000i\000r\000e\000c\000t\000o\000r\000y\000\040\000f\000o\000r\000\040\000S\000a\000v\000i\000n\000g\000\040\000R\000e\000s\000u\000l\000t\000s\000\040\000a\000n\000d\000\040\000D\000e\000f\000i\000n\000i\000n\000g\000\040\000C\000a\000l\000l\000b\000a\000c\000k\000\040\000F\000u\000n\000c\000t\000i\000o\000n\000s}{section.7}% 28
\BOOKMARK [2][-]{subsection.7.4}{\376\377\000S\000o\000l\000v\000i\000n\000g\000\040\000t\000h\000e\000\040\000W\000a\000v\000e\000\040\000E\000q\000u\000a\000t\000i\000o\000n\000\040\000a\000n\000d\000\040\000G\000e\000n\000e\000r\000a\000t\000i\000n\000g\000\040\000O\000u\000t\000p\000u\000t}{section.7}% 29
\BOOKMARK [2][-]{subsection.7.5}{\376\377\000S\000u\000m\000m\000a\000r\000y\000\040\000o\000f\000\040\000E\000x\000e\000r\000c\000i\000s\000e}{section.7}% 30
\BOOKMARK [2][-]{subsection.7.6}{\376\377\000L\000i\000n\000k\000\040\000t\000o\000\040\000C\000o\000d\000e\000,\000\040\000S\000i\000m\000u\000l\000a\000t\000i\000o\000n\000\040\000R\000e\000s\000u\000l\000t\000s\000\040\000a\000n\000d\000\040\000E\000x\000p\000e\000r\000i\000m\000e\000n\000t\000s}{section.7}% 31
\BOOKMARK [1][-]{section.8}{\376\377\000E\000x\000e\000r\000c\000i\000s\000e\000:\000\040\000S\000i\000m\000u\000l\000a\000t\000i\000n\000g\000\040\000S\000t\000a\000n\000d\000i\000n\000g\000\040\000W\000a\000v\000e\000s}{}% 32
\BOOKMARK [2][-]{subsection.8.1}{\376\377\000S\000e\000t\000t\000i\000n\000g\000\040\000U\000p\000\040\000t\000h\000e\000\040\000P\000r\000o\000b\000l\000e\000m}{section.8}% 33
\BOOKMARK [2][-]{subsection.8.2}{\376\377\000P\000h\000a\000s\000e\000\040\000C\000h\000a\000n\000g\000e\000\040\000u\000p\000o\000n\000\040\000R\000e\000f\000l\000e\000c\000t\000i\000o\000n\000\040\000a\000n\000d\000\040\000B\000o\000u\000n\000d\000a\000r\000y\000\040\000C\000o\000n\000d\000i\000t\000i\000o\000n\000s}{section.8}% 34
\BOOKMARK [2][-]{subsection.8.3}{\376\377\000D\000e\000f\000i\000n\000i\000n\000g\000\040\000I\000n\000i\000t\000i\000a\000l\000\040\000C\000o\000n\000d\000i\000t\000i\000o\000n\000s\000\040\000f\000o\000r\000\040\000a\000\040\000S\000t\000a\000n\000d\000i\000n\000g\000\040\000W\000a\000v\000e}{section.8}% 35
\BOOKMARK [2][-]{subsection.8.4}{\376\377\000C\000a\000p\000t\000u\000r\000i\000n\000g\000\040\000S\000i\000m\000u\000l\000a\000t\000i\000o\000n\000\040\000D\000a\000t\000a\000\040\000f\000o\000r\000\040\000V\000i\000s\000u\000a\000l\000i\000z\000a\000t\000i\000o\000n}{section.8}% 36
\BOOKMARK [2][-]{subsection.8.5}{\376\377\000R\000u\000n\000n\000i\000n\000g\000\040\000t\000h\000e\000\040\000S\000i\000m\000u\000l\000a\000t\000i\000o\000n\000\040\000a\000n\000d\000\040\000G\000e\000n\000e\000r\000a\000t\000i\000n\000g\000\040\000O\000u\000t\000p\000u\000t}{section.8}% 37
\BOOKMARK [2][-]{subsection.8.6}{\376\377\000S\000u\000m\000m\000a\000r\000y\000\040\000o\000f\000\040\000t\000h\000e\000\040\000S\000t\000a\000n\000d\000i\000n\000g\000\040\000W\000a\000v\000e\000\040\000S\000i\000m\000u\000l\000a\000t\000i\000o\000n}{section.8}% 38
\BOOKMARK [1][-]{section.9}{\376\377\000E\000x\000a\000m\000p\000l\000e\000:\000\040\000S\000t\000a\000n\000d\000i\000n\000g\000\040\000W\000a\000v\000e\000\040\000w\000i\000t\000h\000\040\000E\000x\000a\000c\000t\000\040\000S\000o\000l\000u\000t\000i\000o\000n\000\040\000C\000o\000m\000p\000a\000r\000i\000s\000o\000n}{}% 39
\BOOKMARK [2][-]{subsection.9.1}{\376\377\000P\000r\000o\000b\000l\000e\000m\000\040\000S\000e\000t\000u\000p\000\040\000a\000n\000d\000\040\000P\000a\000r\000a\000m\000e\000t\000e\000r\000s}{section.9}% 40
\BOOKMARK [2][-]{subsection.9.2}{\376\377\000E\000x\000a\000c\000t\000\040\000S\000o\000l\000u\000t\000i\000o\000n\000\040\000f\000o\000r\000\040\000S\000t\000a\000n\000d\000i\000n\000g\000\040\000W\000a\000v\000e}{section.9}% 41
\BOOKMARK [2][-]{subsection.9.3}{\376\377\000I\000n\000i\000t\000i\000a\000l\000\040\000a\000n\000d\000\040\000B\000o\000u\000n\000d\000a\000r\000y\000\040\000C\000o\000n\000d\000i\000t\000i\000o\000n\000s}{section.9}% 42
\BOOKMARK [2][-]{subsection.9.4}{\376\377\000E\000r\000r\000o\000r\000\040\000C\000a\000l\000c\000u\000l\000a\000t\000i\000o\000n}{section.9}% 43
\BOOKMARK [2][-]{subsection.9.5}{\376\377\000V\000i\000s\000u\000a\000l\000i\000z\000a\000t\000i\000o\000n\000\040\000o\000f\000\040\000R\000e\000s\000u\000l\000t\000s\000\040\000w\000i\000t\000h\000\040\000E\000r\000r\000o\000r\000\040\000C\000o\000m\000p\000a\000r\000i\000s\000o\000n}{section.9}% 44
\BOOKMARK [2][-]{subsection.9.6}{\376\377\000R\000u\000n\000n\000i\000n\000g\000\040\000t\000h\000e\000\040\000S\000o\000l\000v\000e\000r\000\040\000a\000n\000d\000\040\000G\000e\000n\000e\000r\000a\000t\000i\000n\000g\000\040\000t\000h\000e\000\040\000A\000n\000i\000m\000a\000t\000i\000o\000n}{section.9}% 45
\BOOKMARK [2][-]{subsection.9.7}{\376\377\000L\000i\000n\000k\000\040\000t\000o\000\040\000C\000o\000d\000e\000,\000\040\000S\000i\000m\000u\000l\000a\000t\000i\000o\000n\000\040\000R\000e\000s\000u\000l\000t\000s\000,\000\040\000a\000n\000d\000\040\000T\000h\000e\000o\000r\000y\000/\000E\000x\000p\000e\000r\000i\000m\000e\000n\000t\000s}{section.9}% 46
\BOOKMARK [1][-]{section.10}{\376\377\000E\000x\000e\000r\000c\000i\000s\000e\000:\000\040\000S\000i\000m\000u\000l\000a\000t\000i\000n\000g\000\040\000G\000a\000u\000s\000s\000i\000a\000n\000\040\000W\000a\000v\000e\000\040\000P\000r\000o\000p\000a\000g\000a\000t\000i\000o\000n}{}% 47
\BOOKMARK [2][-]{subsection.10.1}{\376\377\000S\000e\000t\000t\000i\000n\000g\000\040\000U\000p\000\040\000t\000h\000e\000\040\000P\000r\000o\000b\000l\000e\000m}{section.10}% 48
\BOOKMARK [2][-]{subsection.10.2}{\376\377\000D\000e\000f\000i\000n\000i\000n\000g\000\040\000P\000r\000o\000b\000l\000e\000m\000-\000S\000p\000e\000c\000i\000f\000i\000c\000\040\000F\000u\000n\000c\000t\000i\000o\000n\000s}{section.10}% 49
\BOOKMARK [2][-]{subsection.10.3}{\376\377\000S\000e\000t\000t\000i\000n\000g\000\040\000U\000p\000\040\000D\000i\000r\000e\000c\000t\000o\000r\000y\000\040\000f\000o\000r\000\040\000S\000a\000v\000i\000n\000g\000\040\000R\000e\000s\000u\000l\000t\000s\000\040\000a\000n\000d\000\040\000D\000e\000f\000i\000n\000i\000n\000g\000\040\000C\000a\000l\000l\000b\000a\000c\000k\000\040\000F\000u\000n\000c\000t\000i\000o\000n\000s}{section.10}% 50
\BOOKMARK [2][-]{subsection.10.4}{\376\377\000R\000u\000n\000n\000i\000n\000g\000\040\000t\000h\000e\000\040\000S\000i\000m\000u\000l\000a\000t\000i\000o\000n\000\040\000a\000n\000d\000\040\000G\000e\000n\000e\000r\000a\000t\000i\000n\000g\000\040\000O\000u\000t\000p\000u\000t}{section.10}% 51
\BOOKMARK [2][-]{subsection.10.5}{\376\377\000S\000u\000m\000m\000a\000r\000y\000\040\000o\000f\000\040\000t\000h\000e\000\040\000G\000a\000u\000s\000s\000i\000a\000n\000\040\000W\000a\000v\000e\000\040\000P\000a\000c\000k\000e\000t\000\040\000E\000x\000e\000r\000c\000i\000s\000e}{section.10}% 52
\BOOKMARK [2][-]{subsection.10.6}{\376\377\000L\000i\000n\000k\000\040\000t\000o\000\040\000C\000o\000d\000e\000,\000\040\000S\000i\000m\000u\000l\000a\000t\000i\000o\000n\000\040\000R\000e\000s\000u\000l\000t\000s\000,\000\040\000a\000n\000d\000\040\000T\000h\000e\000o\000r\000y\000/\000E\000x\000p\000e\000r\000i\000m\000e\000n\000t\000s}{section.10}% 53
\BOOKMARK [1][-]{section.11}{\376\377\000E\000x\000e\000r\000c\000i\000s\000e\000:\000\040\000S\000i\000m\000u\000l\000a\000t\000i\000n\000g\000\040\000W\000a\000v\000e\000\040\000P\000r\000o\000p\000a\000g\000a\000t\000i\000o\000n\000\040\000w\000i\000t\000h\000\040\000a\000\040\000M\000o\000v\000i\000n\000g\000\040\000L\000e\000f\000t\000\040\000B\000o\000u\000n\000d\000a\000r\000y}{}% 54
\BOOKMARK [2][-]{subsection.11.1}{\376\377\000S\000e\000t\000t\000i\000n\000g\000\040\000U\000p\000\040\000t\000h\000e\000\040\000P\000r\000o\000b\000l\000e\000m}{section.11}% 55
\BOOKMARK [2][-]{subsection.11.2}{\376\377\000D\000e\000f\000i\000n\000i\000n\000g\000\040\000t\000h\000e\000\040\000M\000o\000v\000i\000n\000g\000\040\000L\000e\000f\000t\000\040\000B\000o\000u\000n\000d\000a\000r\000y\000\040\000C\000o\000n\000d\000i\000t\000i\000o\000n}{section.11}% 56
\BOOKMARK [2][-]{subsection.11.3}{\376\377\000D\000e\000f\000i\000n\000i\000n\000g\000\040\000I\000n\000i\000t\000i\000a\000l\000\040\000C\000o\000n\000d\000i\000t\000i\000o\000n\000s}{section.11}% 57
\BOOKMARK [2][-]{subsection.11.4}{\376\377\000S\000e\000t\000t\000i\000n\000g\000\040\000U\000p\000\040\000D\000a\000t\000a\000\040\000C\000a\000p\000t\000u\000r\000e\000\040\000a\000n\000d\000\040\000V\000i\000s\000u\000a\000l\000i\000z\000a\000t\000i\000o\000n}{section.11}% 58
\BOOKMARK [2][-]{subsection.11.5}{\376\377\000M\000o\000d\000i\000f\000y\000i\000n\000g\000\040\000t\000h\000e\000\040\000S\000o\000l\000v\000e\000r\000\040\000f\000o\000r\000\040\000t\000h\000e\000\040\000M\000o\000v\000i\000n\000g\000\040\000B\000o\000u\000n\000d\000a\000r\000y\000\040\000C\000o\000n\000d\000i\000t\000i\000o\000n}{section.11}% 59
\BOOKMARK [2][-]{subsection.11.6}{\376\377\000R\000u\000n\000n\000i\000n\000g\000\040\000t\000h\000e\000\040\000S\000i\000m\000u\000l\000a\000t\000i\000o\000n\000\040\000a\000n\000d\000\040\000G\000e\000n\000e\000r\000a\000t\000i\000n\000g\000\040\000O\000u\000t\000p\000u\000t}{section.11}% 60
\BOOKMARK [2][-]{subsection.11.7}{\376\377\000S\000u\000m\000m\000a\000r\000y\000\040\000o\000f\000\040\000t\000h\000e\000\040\000M\000o\000v\000i\000n\000g\000\040\000B\000o\000u\000n\000d\000a\000r\000y\000\040\000C\000o\000n\000d\000i\000t\000i\000o\000n\000\040\000E\000x\000e\000r\000c\000i\000s\000e}{section.11}% 61
\BOOKMARK [2][-]{subsection.11.8}{\376\377\000L\000i\000n\000k\000\040\000t\000o\000\040\000C\000o\000d\000e\000,\000\040\000S\000i\000m\000u\000l\000a\000t\000i\000o\000n\000\040\000R\000e\000s\000u\000l\000t\000s\000,\000\040\000a\000n\000d\000\040\000T\000h\000e\000o\000r\000y\000/\000E\000x\000p\000e\000r\000i\000m\000e\000n\000t\000s}{section.11}% 62
\BOOKMARK [1][-]{section.12}{\376\377\000S\000o\000l\000v\000e\000r\000\040\000f\000o\000r\000\040\000t\000h\000e\000\040\000W\000a\000v\000e\000\040\000E\000q\000u\000a\000t\000i\000o\000n\000\040\000w\000i\000t\000h\000\040\000V\000a\000r\000i\000a\000b\000l\000e\000\040\000W\000a\000v\000e\000\040\000V\000e\000l\000o\000c\000i\000t\000y}{}% 63
\BOOKMARK [2][-]{subsection.12.1}{\376\377\000F\000u\000n\000c\000t\000i\000o\000n\000\040\000H\000e\000a\000d\000e\000r\000\040\000a\000n\000d\000\040\000C\000o\000d\000e}{section.12}% 64
\BOOKMARK [2][-]{subsection.12.2}{\376\377\000I\000n\000i\000t\000i\000a\000l\000i\000z\000a\000t\000i\000o\000n\000\040\000o\000f\000\040\000t\000h\000e\000\040\000S\000o\000l\000u\000t\000i\000o\000n\000\040\000A\000r\000r\000a\000y\000s}{section.12}% 65
\BOOKMARK [2][-]{subsection.12.3}{\376\377\000I\000m\000p\000l\000e\000m\000e\000n\000t\000a\000t\000i\000o\000n\000\040\000o\000f\000\040\000t\000h\000e\000\040\000F\000i\000r\000s\000t\000\040\000T\000i\000m\000e\000\040\000S\000t\000e\000p}{section.12}% 66
\BOOKMARK [2][-]{subsection.12.4}{\376\377\000T\000i\000m\000e\000-\000S\000t\000e\000p\000p\000i\000n\000g\000\040\000L\000o\000o\000p}{section.12}% 67
\BOOKMARK [2][-]{subsection.12.5}{\376\377\000U\000p\000d\000a\000t\000i\000n\000g\000\040\000P\000r\000e\000v\000i\000o\000u\000s\000\040\000S\000o\000l\000u\000t\000i\000o\000n\000s}{section.12}% 68
\BOOKMARK [2][-]{subsection.12.6}{\376\377\000R\000e\000t\000u\000r\000n\000\040\000V\000a\000l\000u\000e\000s}{section.12}% 69
\BOOKMARK [1][-]{section.13}{\376\377\000E\000x\000a\000m\000p\000l\000e\000:\000\040\000W\000a\000v\000e\000\040\000P\000r\000o\000p\000a\000g\000a\000t\000i\000o\000n\000\040\000w\000i\000t\000h\000\040\000V\000a\000r\000i\000a\000b\000l\000e\000\040\000V\000e\000l\000o\000c\000i\000t\000y\000\040\000a\000n\000d\000\040\000P\000e\000r\000i\000o\000d\000i\000c\000\040\000B\000o\000u\000n\000d\000a\000r\000y\000\040\000P\000u\000l\000s\000e\000s}{}% 70
\BOOKMARK [2][-]{subsection.13.1}{\376\377\000P\000r\000o\000b\000l\000e\000m\000\040\000S\000e\000t\000u\000p}{section.13}% 71
\BOOKMARK [2][-]{subsection.13.2}{\376\377\000C\000o\000d\000e\000\040\000I\000m\000p\000l\000e\000m\000e\000n\000t\000a\000t\000i\000o\000n}{section.13}% 72
\BOOKMARK [2][-]{subsection.13.3}{\376\377\000P\000r\000o\000b\000l\000e\000m\000\040\000S\000e\000t\000u\000p\000\040\000a\000n\000d\000\040\000P\000a\000r\000a\000m\000e\000t\000e\000r\000s}{section.13}% 73
\BOOKMARK [2][-]{subsection.13.4}{\376\377\000L\000i\000n\000k\000\040\000t\000o\000\040\000C\000o\000d\000e\000,\000\040\000S\000i\000m\000u\000l\000a\000t\000i\000o\000n\000\040\000R\000e\000s\000u\000l\000t\000s\000,\000\040\000a\000n\000d\000\040\000T\000h\000e\000o\000r\000y\000/\000E\000x\000p\000e\000r\000i\000m\000e\000n\000t\000s}{section.13}% 74
